<?xml version="1.0" encoding="UTF-8" ?>
<testsuite failures="0" time="0.096" errors="0" skipped="0" tests="5" name="cz.muni.fi.pa165.tireservice.daotest.PersonDAOTest">
  <properties>
[...]
</properties>
  <testcase time="0.026" classname="cz.muni.fi.pa165.tireservice.daotest.PersonDAOTest" name="testGetPersonByID"/>
  <testcase time="0.049" classname="cz.muni.fi.pa165.tireservice.daotest.PersonDAOTest" name="testGetAllPersons"/>
  <testcase time="0.007" classname="cz.muni.fi.pa165.tireservice.daotest.PersonDAOTest" name="testRemovePerson"/>
  <testcase time="0.006" classname="cz.muni.fi.pa165.tireservice.daotest.PersonDAOTest" name="testInsertPerson"/>
  <testcase time="0.006" classname="cz.muni.fi.pa165.tireservice.daotest.PersonDAOTest" name="testUpdatePerson"/>
</testsuite>